<?xml version="1.0" encoding="UTF-8"?>
<!-- Generated by org.testng.reporters.JUnitReportReporter -->
<testsuite hostname="TXCHD-LAP-187" failures="0" tests="4" name="testsMoreMenuItem.AdvertisePageTests" time="72.502" errors="0" timestamp="2021-09-07T16:56:01 IST" skipped="0">
  <testcase classname="testsMoreMenuItem.AdvertisePageTests" name="getAdvertisePage" time="17.830"/>
  <system-out/>
  <testcase classname="testsMoreMenuItem.AdvertisePageTests" name="getAdvertisePageMetaTitle" time="18.667"/>
  <system-out/>
  <testcase classname="testsMoreMenuItem.AdvertisePageTests" name="getAdvertisePageImage" time="19.138"/>
  <system-out/>
  <testcase classname="testsMoreMenuItem.AdvertisePageTests" name="getAdvertisePageFormTitle" time="16.867"/>
  <system-out/>
</testsuite> <!-- testsMoreMenuItem.AdvertisePageTests -->
