<?xml version="1.0" encoding="UTF-8"?>
<!-- Generated by org.testng.reporters.JUnitReportReporter -->
<testsuite hostname="TXCHD-LAP-187" failures="0" tests="1" name="TestCases.MoreMenuItem.AdvertisePageTests" time="19.713" errors="0" timestamp="2021-09-07T11:54:19 IST" skipped="0">
  <testcase classname="TestCases.MoreMenuItem.AdvertisePageTests" name="getAdvertisePageMetaTitle" time="19.713"/>
  <system-out/>
</testsuite> <!-- TestCases.MoreMenuItem.AdvertisePageTests -->
