<?xml version="1.0" encoding="UTF-8"?>
<!-- Generated by org.testng.reporters.JUnitReportReporter -->
<testsuite hostname="TXCHD-LAP-187" failures="0" tests="3" name="testsCartPage.CartTests" time="26.612" errors="0" timestamp="2021-09-07T18:23:49 IST" skipped="0">
  <testcase classname="testsCartPage.CartTests" name="getCartb" time="5.288"/>
  <system-out/>
  <testcase classname="testsCartPage.CartTests" name="getCartitemscount" time="11.211"/>
  <system-out/>
  <testcase classname="testsCartPage.CartTests" name="getCartafterlogin" time="10.113"/>
  <system-out/>
</testsuite> <!-- testsCartPage.CartTests -->
