<?xml version="1.0" encoding="UTF-8"?>
<!-- Generated by org.testng.reporters.JUnitReportReporter -->
<testsuite hostname="TXCHD-LAP-187" failures="0" tests="1" name="testsLogin.CartTests" time="12.959" errors="0" timestamp="2021-09-01T10:13:22 IST" skipped="0">
  <testcase classname="testsLogin.CartTests" name="getCartitemscount" time="12.959"/>
  <system-out/>
</testsuite> <!-- testsLogin.CartTests -->
