<?xml version="1.0" encoding="UTF-8"?>
<!-- Generated by org.testng.reporters.JUnitReportReporter -->
<testsuite hostname="TXCHD-LAP-187" failures="0" tests="1" name="testsFashionPage.FashionPageTests" time="36.262" errors="0" timestamp="2021-09-08T15:04:19 IST" skipped="0">
  <testcase classname="testsFashionPage.FashionPageTests" name="gettotalBrandFilters" time="36.262"/>
  <system-out/>
</testsuite> <!-- testsFashionPage.FashionPageTests -->
