<?xml version="1.0" encoding="UTF-8"?>
<!-- Generated by org.testng.reporters.JUnitReportReporter -->
<testsuite hostname="TXCHD-LAP-187" failures="0" tests="4" name="testsLogin.LoginTest" time="43.906" errors="0" timestamp="2021-09-07T17:30:55 IST" skipped="0">
  <testcase classname="testsLogin.LoginTest" name="loginWithInvalidCredentials" time="10.677"/>
  <system-out/>
  <testcase classname="testsLogin.LoginTest" name="loginWithValidCredentials" time="12.116"/>
  <system-out/>
  <testcase classname="testsLogin.LoginTest" name="validatepageTitle" time="5.966"/>
  <system-out/>
  <testcase classname="testsLogin.LoginTest" name="loginRequiredfieldvalidation" time="15.147"/>
  <system-out/>
</testsuite> <!-- testsLogin.LoginTest -->
