<?xml version="1.0" encoding="UTF-8"?>
<!-- Generated by org.testng.reporters.JUnitReportReporter -->
<testsuite hostname="TXCHD-LAP-187" failures="0" tests="1" name="TestCases.FashionPageTests" time="9.206" errors="0" timestamp="2021-09-07T11:55:17 IST" skipped="0">
  <testcase classname="TestCases.FashionPageTests" name="getFashionPage" time="9.206"/>
  <system-out/>
</testsuite> <!-- TestCases.FashionPageTests -->
